<?xml version="1.0" encoding="UTF-8" standalone="no"?>
<testsuite failures="0" name="cucumber.runtime.formatter.JUnitFormatter" skipped="0" tests="5" time="27.526193">
    <testcase classname="Validate the VALR sign up page" name="I should be on the sign up page" time="6.33013">
        <system-out>
            <![CDATA[Given I am on the home page.................................................passed
And I click the get started button..........................................passed
Given I am on the sign up page..............................................passed
]]>
        </system-out>
    </testcase>
    <testcase classname="Validate the VALR sign up page" name="I should be able to insert data into all text fields" time="5.768246">
        <system-out>
            <![CDATA[Given I am on the home page.................................................passed
And I click the get started button..........................................passed
Given I am on the sign up page..............................................passed
And I insert my Rick first name.............................................passed
And I insert my Sanchez last name...........................................passed
And I insert my mee6@test.com email address.................................passed
And I insert my mrM336 password.............................................passed
]]>
        </system-out>
    </testcase>
    <testcase classname="Navigate the VALR home page" name="Validate the VALR home page" time="5.557327">
        <system-out>
            <![CDATA[Given I am on the home page.................................................passed
Then I should see the valr logo image link..................................passed
Then I should see the get started button....................................passed
Then I should see the sign in button........................................passed
Then I should see the start trading button..................................passed
Then I should see the valr app image link...................................passed
Then I should see the details menu section..................................passed
Then I should see the buy sell menu section.................................passed
Then I should see the valr pay menu section.................................passed
Then I should see the exchange drop down menu section.......................passed
Then I should see the buy sell button link as i scroll down.................passed
Then I should see the crypto assets icon as i scroll down...................passed
Then I should see the mobile application images as i scroll down............passed
Then I should see the learn more button as i scroll down....................passed
Then I should see the google play app link as i scroll down.................passed
Then I should see the apple app store link as i scroll down.................passed
Then I should see the privacy policy footer section as i scroll down........passed
Then I should see the valr footer twitter link as i scroll down.............passed
]]>
        </system-out>
    </testcase>
    <testcase classname="Navigate to and validate the valr pay page" name="Valr pay page navigation and confirmation" time="4.979641">
        <system-out>
            <![CDATA[Given I am on the home page.................................................passed
And I click the valr pay menu item..........................................passed
Given I am on the valr pay page.............................................passed
Then I should see the valr pay image........................................passed
]]>
        </system-out>
    </testcase>
    <testcase classname="Navigate to and validate the valr pay page" name="Click get started from valr pay page" time="4.890849">
        <system-out>
            <![CDATA[Given I am on the home page.................................................passed
And I click the valr pay menu item..........................................passed
Given I am on the valr pay page.............................................passed
And I scroll down and click on the second get started button................passed
]]>
        </system-out>
    </testcase>
</testsuite>
